{
  "stats": {
    "suites": 7,
    "tests": 21,
    "passes": 21,
    "pending": 0,
    "failures": 0,
    "start": "2021-09-13T17:36:46.146Z",
    "end": "2021-09-13T17:36:48.195Z",
    "duration": 2049,
    "testsRegistered": 21,
    "passPercent": 100,
    "pendingPercent": 0,
    "other": 0,
    "hasOther": false,
    "skipped": 0,
    "hasSkipped": false
  },
  "results": [
    {
      "uuid": "43de96a8-b7e3-4502-bbc0-93ad6a4250bf",
      "title": "",
      "fullFile": "",
      "file": "",
      "beforeHooks": [],
      "afterHooks": [],
      "tests": [],
      "suites": [
        {
          "uuid": "245274ed-9f46-42e9-990d-d55425bc8aec",
          "title": "Test using Aspect",
          "fullFile": "C:\\Users\\91727\\Videos\\games\\test\\mocha-chai-test\\test-cases\\chai.spec.js",
          "file": "\\test-cases\\chai.spec.js",
          "beforeHooks": [],
          "afterHooks": [],
          "tests": [
            {
              "title": "check string",
              "fullTitle": "Test using Aspect check string",
              "timedOut": false,
              "duration": 1,
              "state": "passed",
              "speed": "fast",
              "pass": true,
              "fail": false,
              "pending": false,
              "context": null,
              "code": "assert.typeOf(userName,'String');",
              "err": {},
              "uuid": "6467a55b-656f-4afb-bd24-f42a8147d3b6",
              "parentUUID": "245274ed-9f46-42e9-990d-d55425bc8aec",
              "isHook": false,
              "skipped": false
            },
            {
              "title": "check equal match string",
              "fullTitle": "Test using Aspect check equal match string",
              "timedOut": false,
              "duration": 0,
              "state": "passed",
              "speed": "fast",
              "pass": true,
              "fail": false,
              "pending": false,
              "context": null,
              "code": "assert.equal(userName,'Shivant');",
              "err": {},
              "uuid": "e094cff2-55f4-4a8a-9434-2c18f708ea71",
              "parentUUID": "245274ed-9f46-42e9-990d-d55425bc8aec",
              "isHook": false,
              "skipped": false
            },
            {
              "title": "length check",
              "fullTitle": "Test using Aspect length check",
              "timedOut": false,
              "duration": 1,
              "state": "passed",
              "speed": "fast",
              "pass": true,
              "fail": false,
              "pending": false,
              "context": null,
              "code": "assert.lengthOf(myList.items,1)",
              "err": {},
              "uuid": "2dd7ac69-85d5-466b-9c30-1c7d21d2aba9",
              "parentUUID": "245274ed-9f46-42e9-990d-d55425bc8aec",
              "isHook": false,
              "skipped": false
            }
          ],
          "suites": [],
          "passes": [
            "6467a55b-656f-4afb-bd24-f42a8147d3b6",
            "e094cff2-55f4-4a8a-9434-2c18f708ea71",
            "2dd7ac69-85d5-466b-9c30-1c7d21d2aba9"
          ],
          "failures": [],
          "pending": [],
          "skipped": [],
          "duration": 2,
          "root": false,
          "rootEmpty": false,
          "_timeout": 2000
        },
        {
          "uuid": "899c1771-a0a2-4140-81ae-39e1965f8291",
          "title": "Check using Should",
          "fullFile": "C:\\Users\\91727\\Videos\\games\\test\\mocha-chai-test\\test-cases\\chai.spec.js",
          "file": "\\test-cases\\chai.spec.js",
          "beforeHooks": [],
          "afterHooks": [],
          "tests": [
            {
              "title": "check string",
              "fullTitle": "Check using Should check string",
              "timedOut": false,
              "duration": 0,
              "state": "passed",
              "speed": "fast",
              "pass": true,
              "fail": false,
              "pending": false,
              "context": null,
              "code": "userName.should.be.a('String')",
              "err": {},
              "uuid": "87e496ad-ae1b-4ebf-987a-1783d49738da",
              "parentUUID": "899c1771-a0a2-4140-81ae-39e1965f8291",
              "isHook": false,
              "skipped": false
            },
            {
              "title": "equal check",
              "fullTitle": "Check using Should equal check",
              "timedOut": false,
              "duration": 1,
              "state": "passed",
              "speed": "fast",
              "pass": true,
              "fail": false,
              "pending": false,
              "context": null,
              "code": "userName.should.equal('Shivant')",
              "err": {},
              "uuid": "15810949-055e-4ff6-bfd8-58a8f7da35aa",
              "parentUUID": "899c1771-a0a2-4140-81ae-39e1965f8291",
              "isHook": false,
              "skipped": false
            },
            {
              "title": "length check",
              "fullTitle": "Check using Should length check",
              "timedOut": false,
              "duration": 0,
              "state": "passed",
              "speed": "fast",
              "pass": true,
              "fail": false,
              "pending": false,
              "context": null,
              "code": "myList.should.have.property('items').with.lengthOf(1);",
              "err": {},
              "uuid": "ace4b884-bba2-41cf-980f-d2ac952f6cfe",
              "parentUUID": "899c1771-a0a2-4140-81ae-39e1965f8291",
              "isHook": false,
              "skipped": false
            }
          ],
          "suites": [],
          "passes": [
            "87e496ad-ae1b-4ebf-987a-1783d49738da",
            "15810949-055e-4ff6-bfd8-58a8f7da35aa",
            "ace4b884-bba2-41cf-980f-d2ac952f6cfe"
          ],
          "failures": [],
          "pending": [],
          "skipped": [],
          "duration": 1,
          "root": false,
          "rootEmpty": false,
          "_timeout": 2000
        },
        {
          "uuid": "090aaa68-8fa1-4090-871a-71596a2dc2d3",
          "title": "check Expect",
          "fullFile": "C:\\Users\\91727\\Videos\\games\\test\\mocha-chai-test\\test-cases\\chai.spec.js",
          "file": "\\test-cases\\chai.spec.js",
          "beforeHooks": [],
          "afterHooks": [],
          "tests": [
            {
              "title": "String match",
              "fullTitle": "check Expect String match",
              "timedOut": false,
              "duration": 1,
              "state": "passed",
              "speed": "fast",
              "pass": true,
              "fail": false,
              "pending": false,
              "context": null,
              "code": "expect(userName).to.be.a('String')",
              "err": {},
              "uuid": "bb6bf752-c764-4f1b-a4e7-c172846287e8",
              "parentUUID": "090aaa68-8fa1-4090-871a-71596a2dc2d3",
              "isHook": false,
              "skipped": false
            },
            {
              "title": "items check with mylist",
              "fullTitle": "check Expect items check with mylist",
              "timedOut": false,
              "duration": 0,
              "state": "passed",
              "speed": "fast",
              "pass": true,
              "fail": false,
              "pending": false,
              "context": null,
              "code": "expect(myList).property('items').with.lengthOf(1);",
              "err": {},
              "uuid": "e01f28e9-916d-446a-95a2-ae5711db7d7d",
              "parentUUID": "090aaa68-8fa1-4090-871a-71596a2dc2d3",
              "isHook": false,
              "skipped": false
            },
            {
              "title": "equal match",
              "fullTitle": "check Expect equal match",
              "timedOut": false,
              "duration": 0,
              "state": "passed",
              "speed": "fast",
              "pass": true,
              "fail": false,
              "pending": false,
              "context": null,
              "code": "expect(userName).to.equal('Shivant')",
              "err": {},
              "uuid": "37f2ef88-8b99-4af1-8f1e-c5c692f97a6f",
              "parentUUID": "090aaa68-8fa1-4090-871a-71596a2dc2d3",
              "isHook": false,
              "skipped": false
            },
            {
              "title": "length match",
              "fullTitle": "check Expect length match",
              "timedOut": false,
              "duration": 0,
              "state": "passed",
              "speed": "fast",
              "pass": true,
              "fail": false,
              "pending": false,
              "context": null,
              "code": "expect(userName).to.lengthOf(7)",
              "err": {},
              "uuid": "dab0c8e6-483c-4c87-a95b-9061e7f0a423",
              "parentUUID": "090aaa68-8fa1-4090-871a-71596a2dc2d3",
              "isHook": false,
              "skipped": false
            },
            {
              "title": "object length",
              "fullTitle": "check Expect object length",
              "timedOut": false,
              "duration": 0,
              "state": "passed",
              "speed": "fast",
              "pass": true,
              "fail": false,
              "pending": false,
              "context": null,
              "code": "expect(myList).to.have.property('items').with.lengthOf(1);",
              "err": {},
              "uuid": "84ce9894-2e9b-4bbf-b086-c622606d1f77",
              "parentUUID": "090aaa68-8fa1-4090-871a-71596a2dc2d3",
              "isHook": false,
              "skipped": false
            },
            {
              "title": "api object length",
              "fullTitle": "check Expect api object length",
              "timedOut": false,
              "duration": 1,
              "state": "passed",
              "speed": "fast",
              "pass": true,
              "fail": false,
              "pending": false,
              "context": null,
              "code": "expect(myList).to.have.all.keys('items','title','password','address');",
              "err": {},
              "uuid": "8ac491b3-6784-4ba1-af39-211e2b24dc33",
              "parentUUID": "090aaa68-8fa1-4090-871a-71596a2dc2d3",
              "isHook": false,
              "skipped": false
            },
            {
              "title": "phone number test",
              "fullTitle": "check Expect phone number test",
              "timedOut": false,
              "duration": 1,
              "state": "passed",
              "speed": "fast",
              "pass": true,
              "fail": false,
              "pending": false,
              "context": null,
              "code": "expect(myList).to.have.nested.property('address.phoneNo[0]');",
              "err": {},
              "uuid": "0ab345d4-1980-4114-a789-d9c8abc7ebe9",
              "parentUUID": "090aaa68-8fa1-4090-871a-71596a2dc2d3",
              "isHook": false,
              "skipped": false
            },
            {
              "title": "country name test",
              "fullTitle": "check Expect country name test",
              "timedOut": false,
              "duration": 1,
              "state": "passed",
              "speed": "fast",
              "pass": true,
              "fail": false,
              "pending": false,
              "context": null,
              "code": "//expect(myList).to.have.nested.property('address.country');\nexpect(myList).to.have.nested.include({'address.country':'India'});",
              "err": {},
              "uuid": "3fa628f4-f8db-498b-800d-6d41ab5d82b4",
              "parentUUID": "090aaa68-8fa1-4090-871a-71596a2dc2d3",
              "isHook": false,
              "skipped": false
            }
          ],
          "suites": [],
          "passes": [
            "bb6bf752-c764-4f1b-a4e7-c172846287e8",
            "e01f28e9-916d-446a-95a2-ae5711db7d7d",
            "37f2ef88-8b99-4af1-8f1e-c5c692f97a6f",
            "dab0c8e6-483c-4c87-a95b-9061e7f0a423",
            "84ce9894-2e9b-4bbf-b086-c622606d1f77",
            "8ac491b3-6784-4ba1-af39-211e2b24dc33",
            "0ab345d4-1980-4114-a789-d9c8abc7ebe9",
            "3fa628f4-f8db-498b-800d-6d41ab5d82b4"
          ],
          "failures": [],
          "pending": [],
          "skipped": [],
          "duration": 4,
          "root": false,
          "rootEmpty": false,
          "_timeout": 2000
        },
        {
          "uuid": "da8ddb87-e4ce-414d-b2fb-969df0b95bfc",
          "title": "------MOCK-------",
          "fullFile": "C:\\Users\\91727\\Videos\\games\\test\\mocha-chai-test\\test-cases\\mock.spec.js",
          "file": "\\test-cases\\mock.spec.js",
          "beforeHooks": [],
          "afterHooks": [],
          "tests": [
            {
              "title": "Function argument check",
              "fullTitle": "------MOCK------- Function argument check",
              "timedOut": false,
              "duration": 3,
              "state": "passed",
              "speed": "fast",
              "pass": true,
              "fail": false,
              "pending": false,
              "context": null,
              "code": "var mock=sinon.mock(studentObj);\nvar expt=mock.expects('getExternal');\nexpt.exactly(1);\nexpt.withArgs(40);  //argument should be same\nstudentObj.finalMarks(40);\nmock.verify()",
              "err": {},
              "uuid": "5497c58a-ff0f-4411-a120-ed3974a3f225",
              "parentUUID": "da8ddb87-e4ce-414d-b2fb-969df0b95bfc",
              "isHook": false,
              "skipped": false
            }
          ],
          "suites": [],
          "passes": [
            "5497c58a-ff0f-4411-a120-ed3974a3f225"
          ],
          "failures": [],
          "pending": [],
          "skipped": [],
          "duration": 3,
          "root": false,
          "rootEmpty": false,
          "_timeout": 2000
        },
        {
          "uuid": "951e7e94-9669-4ba5-ad05-87f9fd66c8bf",
          "title": "------Promises-------",
          "fullFile": "C:\\Users\\91727\\Videos\\games\\test\\mocha-chai-test\\test-cases\\promise.spec.js",
          "file": "\\test-cases\\promise.spec.js",
          "beforeHooks": [],
          "afterHooks": [],
          "tests": [
            {
              "title": "Normal value function",
              "fullTitle": "------Promises------- Normal value function",
              "timedOut": false,
              "duration": 1015,
              "state": "passed",
              "speed": "slow",
              "pass": true,
              "fail": false,
              "pending": false,
              "context": null,
              "code": "// expect(studentObj.getExternal(40)).to.be.equal(41)\n// always given you +1 result\n \n       // this.timeout(2000);\n       this.timeout(0);\nstudentObj.tableDataDb().then(function(result){\n     expect(result).to.be.equal(10);\n    done();\n});",
              "err": {},
              "uuid": "0cc791c8-425b-4b87-9530-9c1b6a06e423",
              "parentUUID": "951e7e94-9669-4ba5-ad05-87f9fd66c8bf",
              "isHook": false,
              "skipped": false
            },
            {
              "title": "check value function using as chai-as-promised",
              "fullTitle": "------Promises------- check value function using as chai-as-promised",
              "timedOut": false,
              "duration": 1000,
              "state": "passed",
              "speed": "slow",
              "pass": true,
              "fail": false,
              "pending": false,
              "context": null,
              "code": "//this.timeout(2000);\nthis.timeout(0)\nreturn expect(studentObj.tableDataDb()).to.eventually.equal(10);",
              "err": {},
              "uuid": "ede1b0b3-d4fa-49b3-92a6-9536ad5fb859",
              "parentUUID": "951e7e94-9669-4ba5-ad05-87f9fd66c8bf",
              "isHook": false,
              "skipped": false
            },
            {
              "title": "Otp",
              "fullTitle": "------Promises------- Otp",
              "timedOut": false,
              "duration": 0,
              "state": "passed",
              "speed": "fast",
              "pass": true,
              "fail": false,
              "pending": false,
              "context": null,
              "code": "this.timeout(0)\n return expect(userctrl.newData()).to.eventually.have.deep.property('otp')",
              "err": {},
              "uuid": "8aadf3e5-4e1c-4dcd-996a-7918e0dc3706",
              "parentUUID": "951e7e94-9669-4ba5-ad05-87f9fd66c8bf",
              "isHook": false,
              "skipped": false
            }
          ],
          "suites": [],
          "passes": [
            "0cc791c8-425b-4b87-9530-9c1b6a06e423",
            "ede1b0b3-d4fa-49b3-92a6-9536ad5fb859",
            "8aadf3e5-4e1c-4dcd-996a-7918e0dc3706"
          ],
          "failures": [],
          "pending": [],
          "skipped": [],
          "duration": 2015,
          "root": false,
          "rootEmpty": false,
          "_timeout": 2000
        },
        {
          "uuid": "1a8f3678-ffb8-4aee-97da-7c71a7d777c1",
          "title": "------SPY-------",
          "fullFile": "C:\\Users\\91727\\Videos\\games\\test\\mocha-chai-test\\test-cases\\spy.spec.js",
          "file": "\\test-cases\\spy.spec.js",
          "beforeHooks": [],
          "afterHooks": [],
          "tests": [
            {
              "title": "test user function",
              "fullTitle": "------SPY------- test user function",
              "timedOut": false,
              "duration": 0,
              "state": "passed",
              "speed": "fast",
              "pass": true,
              "fail": false,
              "pending": false,
              "context": null,
              "code": "expect(studentObj.userId()).to.be.equal(12);",
              "err": {},
              "uuid": "56f4fdcc-de23-49d9-900d-7a7be4d9dbb5",
              "parentUUID": "1a8f3678-ffb8-4aee-97da-7c71a7d777c1",
              "isHook": false,
              "skipped": false
            },
            {
              "title": " function count",
              "fullTitle": "------SPY-------  function count",
              "timedOut": false,
              "duration": 1,
              "state": "passed",
              "speed": "fast",
              "pass": true,
              "fail": false,
              "pending": false,
              "context": null,
              "code": "var spyobj=sinon.spy(studentObj,'getInfo')\nstudentObj.home(12);\nexpect(spyobj.calledOnce).to.be.true;",
              "err": {},
              "uuid": "04fad2ad-7d73-4697-9ec9-b1dcd12cfe53",
              "parentUUID": "1a8f3678-ffb8-4aee-97da-7c71a7d777c1",
              "isHook": false,
              "skipped": false
            }
          ],
          "suites": [],
          "passes": [
            "56f4fdcc-de23-49d9-900d-7a7be4d9dbb5",
            "04fad2ad-7d73-4697-9ec9-b1dcd12cfe53"
          ],
          "failures": [],
          "pending": [],
          "skipped": [],
          "duration": 1,
          "root": false,
          "rootEmpty": false,
          "_timeout": 2000
        },
        {
          "uuid": "eb88c640-85de-4bd6-89cc-1a3337b47261",
          "title": "------STUB-------",
          "fullFile": "C:\\Users\\91727\\Videos\\games\\test\\mocha-chai-test\\test-cases\\stub.spec.js",
          "file": "\\test-cases\\stub.spec.js",
          "beforeHooks": [],
          "afterHooks": [],
          "tests": [
            {
              "title": "Function argument check",
              "fullTitle": "------STUB------- Function argument check",
              "timedOut": false,
              "duration": 1,
              "state": "passed",
              "speed": "fast",
              "pass": true,
              "fail": false,
              "pending": false,
              "context": null,
              "code": "var stub= sinon.stub(studentObj,'getExternal')\nstub.withArgs(40).returns(5);\nexpect(studentObj.finalMarks(40)).to.be.equal(54);",
              "err": {},
              "uuid": "e67f3b8b-dd1f-488d-8684-4038f07a5e0b",
              "parentUUID": "eb88c640-85de-4bd6-89cc-1a3337b47261",
              "isHook": false,
              "skipped": false
            }
          ],
          "suites": [],
          "passes": [
            "e67f3b8b-dd1f-488d-8684-4038f07a5e0b"
          ],
          "failures": [],
          "pending": [],
          "skipped": [],
          "duration": 1,
          "root": false,
          "rootEmpty": false,
          "_timeout": 2000
        }
      ],
      "passes": [],
      "failures": [],
      "pending": [],
      "skipped": [],
      "duration": 0,
      "root": true,
      "rootEmpty": true,
      "_timeout": 2000
    }
  ],
  "meta": {
    "mocha": {
      "version": "9.1.1"
    },
    "mochawesome": {
      "options": {
        "quiet": false,
        "reportFilename": "mochawesome",
        "saveHtml": true,
        "saveJson": true,
        "consoleReporter": "spec",
        "useInlineDiffs": false,
        "code": true
      },
      "version": "6.2.2"
    },
    "marge": {
      "options": null,
      "version": "5.2.0"
    }
  }
}