{
  "stats": {
    "suites": 11,
    "tests": 27,
    "passes": 27,
    "pending": 0,
    "failures": 0,
    "start": "2021-09-14T12:31:44.350Z",
    "end": "2021-09-14T12:31:46.863Z",
    "duration": 2513,
    "testsRegistered": 27,
    "passPercent": 100,
    "pendingPercent": 0,
    "other": 0,
    "hasOther": false,
    "skipped": 0,
    "hasSkipped": false
  },
  "results": [
    {
      "uuid": "04192a40-a02f-4fd7-8fc7-a5acb8b1f01d",
      "title": "",
      "fullFile": "",
      "file": "",
      "beforeHooks": [],
      "afterHooks": [],
      "tests": [],
      "suites": [
        {
          "uuid": "e635ab14-ae54-4afa-91df-64d0802470f6",
          "title": "Task api check",
          "fullFile": "C:\\Users\\91727\\Videos\\games\\test\\mocha-chai-test\\test-cases\\api.spec.js",
          "file": "\\test-cases\\api.spec.js",
          "beforeHooks": [],
          "afterHooks": [],
          "tests": [
            {
              "title": "get employee",
              "fullTitle": "Task api check get employee",
              "timedOut": false,
              "duration": 412,
              "state": "passed",
              "speed": "slow",
              "pass": true,
              "fail": false,
              "pending": false,
              "context": null,
              "code": "chai.request(server)\n.get('/api/v1/employees')\n.end((err,response)=>{\n    expect(response.status).to.be.equal(200)\n    done();\n})",
              "err": {},
              "uuid": "3b42d7b1-0012-4974-bc52-c307d6a1c94c",
              "parentUUID": "e635ab14-ae54-4afa-91df-64d0802470f6",
              "isHook": false,
              "skipped": false
            }
          ],
          "suites": [],
          "passes": [
            "3b42d7b1-0012-4974-bc52-c307d6a1c94c"
          ],
          "failures": [],
          "pending": [],
          "skipped": [],
          "duration": 412,
          "root": false,
          "rootEmpty": false,
          "_timeout": 2000
        },
        {
          "uuid": "ca8c169e-1347-4912-97cd-98f5df1630a1",
          "title": "Test using Aspect",
          "fullFile": "C:\\Users\\91727\\Videos\\games\\test\\mocha-chai-test\\test-cases\\chai.spec.js",
          "file": "\\test-cases\\chai.spec.js",
          "beforeHooks": [],
          "afterHooks": [],
          "tests": [
            {
              "title": "check string",
              "fullTitle": "Test using Aspect check string",
              "timedOut": false,
              "duration": 1,
              "state": "passed",
              "speed": "fast",
              "pass": true,
              "fail": false,
              "pending": false,
              "context": null,
              "code": "assert.typeOf(userName,'String');",
              "err": {},
              "uuid": "8fb50022-21a8-436f-abb4-4b0d1c8be5b1",
              "parentUUID": "ca8c169e-1347-4912-97cd-98f5df1630a1",
              "isHook": false,
              "skipped": false
            },
            {
              "title": "check equal match string",
              "fullTitle": "Test using Aspect check equal match string",
              "timedOut": false,
              "duration": 0,
              "state": "passed",
              "speed": "fast",
              "pass": true,
              "fail": false,
              "pending": false,
              "context": null,
              "code": "assert.equal(userName,'Shivant');",
              "err": {},
              "uuid": "d86d5914-3bdc-4653-a332-c0d635085cf4",
              "parentUUID": "ca8c169e-1347-4912-97cd-98f5df1630a1",
              "isHook": false,
              "skipped": false
            },
            {
              "title": "length check",
              "fullTitle": "Test using Aspect length check",
              "timedOut": false,
              "duration": 1,
              "state": "passed",
              "speed": "fast",
              "pass": true,
              "fail": false,
              "pending": false,
              "context": null,
              "code": "assert.lengthOf(myList.items,1)",
              "err": {},
              "uuid": "6a3f4ada-1457-4e6c-8102-a3508002cf1c",
              "parentUUID": "ca8c169e-1347-4912-97cd-98f5df1630a1",
              "isHook": false,
              "skipped": false
            }
          ],
          "suites": [],
          "passes": [
            "8fb50022-21a8-436f-abb4-4b0d1c8be5b1",
            "d86d5914-3bdc-4653-a332-c0d635085cf4",
            "6a3f4ada-1457-4e6c-8102-a3508002cf1c"
          ],
          "failures": [],
          "pending": [],
          "skipped": [],
          "duration": 2,
          "root": false,
          "rootEmpty": false,
          "_timeout": 2000
        },
        {
          "uuid": "1dc053c5-76cf-439f-941a-537fd9f2a801",
          "title": "Check using Should",
          "fullFile": "C:\\Users\\91727\\Videos\\games\\test\\mocha-chai-test\\test-cases\\chai.spec.js",
          "file": "\\test-cases\\chai.spec.js",
          "beforeHooks": [],
          "afterHooks": [],
          "tests": [
            {
              "title": "check string",
              "fullTitle": "Check using Should check string",
              "timedOut": false,
              "duration": 0,
              "state": "passed",
              "speed": "fast",
              "pass": true,
              "fail": false,
              "pending": false,
              "context": null,
              "code": "userName.should.be.a('String')",
              "err": {},
              "uuid": "9dda193f-28d3-4c6b-a9fb-e9e5edabdffa",
              "parentUUID": "1dc053c5-76cf-439f-941a-537fd9f2a801",
              "isHook": false,
              "skipped": false
            },
            {
              "title": "equal check",
              "fullTitle": "Check using Should equal check",
              "timedOut": false,
              "duration": 0,
              "state": "passed",
              "speed": "fast",
              "pass": true,
              "fail": false,
              "pending": false,
              "context": null,
              "code": "userName.should.equal('Shivant')",
              "err": {},
              "uuid": "fca8fe74-af29-4680-9270-c373b2c3a30f",
              "parentUUID": "1dc053c5-76cf-439f-941a-537fd9f2a801",
              "isHook": false,
              "skipped": false
            },
            {
              "title": "length check",
              "fullTitle": "Check using Should length check",
              "timedOut": false,
              "duration": 0,
              "state": "passed",
              "speed": "fast",
              "pass": true,
              "fail": false,
              "pending": false,
              "context": null,
              "code": "myList.should.have.property('items').with.lengthOf(1);",
              "err": {},
              "uuid": "54c099d3-bf63-4566-aff1-c8f1dabe3c60",
              "parentUUID": "1dc053c5-76cf-439f-941a-537fd9f2a801",
              "isHook": false,
              "skipped": false
            }
          ],
          "suites": [],
          "passes": [
            "9dda193f-28d3-4c6b-a9fb-e9e5edabdffa",
            "fca8fe74-af29-4680-9270-c373b2c3a30f",
            "54c099d3-bf63-4566-aff1-c8f1dabe3c60"
          ],
          "failures": [],
          "pending": [],
          "skipped": [],
          "duration": 0,
          "root": false,
          "rootEmpty": false,
          "_timeout": 2000
        },
        {
          "uuid": "590bef98-4daf-413f-b996-8f925aed61f4",
          "title": "check Expect",
          "fullFile": "C:\\Users\\91727\\Videos\\games\\test\\mocha-chai-test\\test-cases\\chai.spec.js",
          "file": "\\test-cases\\chai.spec.js",
          "beforeHooks": [],
          "afterHooks": [],
          "tests": [
            {
              "title": "String match",
              "fullTitle": "check Expect String match",
              "timedOut": false,
              "duration": 1,
              "state": "passed",
              "speed": "fast",
              "pass": true,
              "fail": false,
              "pending": false,
              "context": null,
              "code": "expect(userName).to.be.a('String')",
              "err": {},
              "uuid": "dc56bf01-0e03-458b-b7f1-61f43773e5ed",
              "parentUUID": "590bef98-4daf-413f-b996-8f925aed61f4",
              "isHook": false,
              "skipped": false
            },
            {
              "title": "items check with mylist",
              "fullTitle": "check Expect items check with mylist",
              "timedOut": false,
              "duration": 0,
              "state": "passed",
              "speed": "fast",
              "pass": true,
              "fail": false,
              "pending": false,
              "context": null,
              "code": "expect(myList).property('items').with.lengthOf(1);",
              "err": {},
              "uuid": "d85a6e10-2b2f-4288-a241-7006760febf5",
              "parentUUID": "590bef98-4daf-413f-b996-8f925aed61f4",
              "isHook": false,
              "skipped": false
            },
            {
              "title": "equal match",
              "fullTitle": "check Expect equal match",
              "timedOut": false,
              "duration": 0,
              "state": "passed",
              "speed": "fast",
              "pass": true,
              "fail": false,
              "pending": false,
              "context": null,
              "code": "expect(userName).to.equal('Shivant')",
              "err": {},
              "uuid": "43c782c1-e85a-4f3c-a246-2dfd11a2b351",
              "parentUUID": "590bef98-4daf-413f-b996-8f925aed61f4",
              "isHook": false,
              "skipped": false
            },
            {
              "title": "length match",
              "fullTitle": "check Expect length match",
              "timedOut": false,
              "duration": 1,
              "state": "passed",
              "speed": "fast",
              "pass": true,
              "fail": false,
              "pending": false,
              "context": null,
              "code": "expect(userName).to.lengthOf(7)",
              "err": {},
              "uuid": "a57d3cea-1c32-4dbe-80a2-26da063baab9",
              "parentUUID": "590bef98-4daf-413f-b996-8f925aed61f4",
              "isHook": false,
              "skipped": false
            },
            {
              "title": "object length",
              "fullTitle": "check Expect object length",
              "timedOut": false,
              "duration": 0,
              "state": "passed",
              "speed": "fast",
              "pass": true,
              "fail": false,
              "pending": false,
              "context": null,
              "code": "expect(myList).to.have.property('items').with.lengthOf(1);",
              "err": {},
              "uuid": "77b51126-c2be-4aa6-b933-4f2a6bc152c3",
              "parentUUID": "590bef98-4daf-413f-b996-8f925aed61f4",
              "isHook": false,
              "skipped": false
            },
            {
              "title": "api object length",
              "fullTitle": "check Expect api object length",
              "timedOut": false,
              "duration": 0,
              "state": "passed",
              "speed": "fast",
              "pass": true,
              "fail": false,
              "pending": false,
              "context": null,
              "code": "expect(myList).to.have.all.keys('items','title','password','address');",
              "err": {},
              "uuid": "5c7fa6f6-ec45-45bf-87c0-86dbe4eaef58",
              "parentUUID": "590bef98-4daf-413f-b996-8f925aed61f4",
              "isHook": false,
              "skipped": false
            },
            {
              "title": "phone number test",
              "fullTitle": "check Expect phone number test",
              "timedOut": false,
              "duration": 1,
              "state": "passed",
              "speed": "fast",
              "pass": true,
              "fail": false,
              "pending": false,
              "context": null,
              "code": "expect(myList).to.have.nested.property('address.phoneNo[0]');",
              "err": {},
              "uuid": "65c51ac1-93e0-4bc5-b549-5b8bae001a57",
              "parentUUID": "590bef98-4daf-413f-b996-8f925aed61f4",
              "isHook": false,
              "skipped": false
            },
            {
              "title": "country name test",
              "fullTitle": "check Expect country name test",
              "timedOut": false,
              "duration": 1,
              "state": "passed",
              "speed": "fast",
              "pass": true,
              "fail": false,
              "pending": false,
              "context": null,
              "code": "//expect(myList).to.have.nested.property('address.country');\nexpect(myList).to.have.nested.include({'address.country':'India'});",
              "err": {},
              "uuid": "cbf4fc62-3896-44dd-b6f6-275145d7b0aa",
              "parentUUID": "590bef98-4daf-413f-b996-8f925aed61f4",
              "isHook": false,
              "skipped": false
            }
          ],
          "suites": [],
          "passes": [
            "dc56bf01-0e03-458b-b7f1-61f43773e5ed",
            "d85a6e10-2b2f-4288-a241-7006760febf5",
            "43c782c1-e85a-4f3c-a246-2dfd11a2b351",
            "a57d3cea-1c32-4dbe-80a2-26da063baab9",
            "77b51126-c2be-4aa6-b933-4f2a6bc152c3",
            "5c7fa6f6-ec45-45bf-87c0-86dbe4eaef58",
            "65c51ac1-93e0-4bc5-b549-5b8bae001a57",
            "cbf4fc62-3896-44dd-b6f6-275145d7b0aa"
          ],
          "failures": [],
          "pending": [],
          "skipped": [],
          "duration": 4,
          "root": false,
          "rootEmpty": false,
          "_timeout": 2000
        },
        {
          "uuid": "d22e55aa-5fd3-41a4-b603-99acf907bc88",
          "title": "Hooks test cases",
          "fullFile": "C:\\Users\\91727\\Videos\\games\\test\\mocha-chai-test\\test-cases\\hook.spec.js",
          "file": "\\test-cases\\hook.spec.js",
          "beforeHooks": [
            {
              "title": "\"before all\" hook in \"Hooks test cases\"",
              "fullTitle": "Hooks test cases \"before all\" hook in \"Hooks test cases\"",
              "timedOut": false,
              "duration": 1,
              "state": null,
              "speed": null,
              "pass": false,
              "fail": false,
              "pending": false,
              "context": null,
              "code": "console.log(\"======before priting\");",
              "err": {},
              "uuid": "0758e2ff-a536-4bc5-a4ea-df16abae9dd7",
              "parentUUID": "d22e55aa-5fd3-41a4-b603-99acf907bc88",
              "isHook": true,
              "skipped": false
            },
            {
              "title": "\"before each\" hook in \"Hooks test cases\"",
              "fullTitle": "Hooks test cases \"before each\" hook in \"Hooks test cases\"",
              "timedOut": false,
              "duration": 0,
              "state": null,
              "speed": null,
              "pass": false,
              "fail": false,
              "pending": false,
              "context": null,
              "code": "console.log(\"======before each llop is printing\");",
              "err": {},
              "uuid": "8a1ba950-87b5-4e14-9f72-14e32c9d08d5",
              "parentUUID": "d22e55aa-5fd3-41a4-b603-99acf907bc88",
              "isHook": true,
              "skipped": false
            }
          ],
          "afterHooks": [
            {
              "title": "\"after all\" hook in \"Hooks test cases\"",
              "fullTitle": "Hooks test cases \"after all\" hook in \"Hooks test cases\"",
              "timedOut": false,
              "duration": 1,
              "state": null,
              "speed": null,
              "pass": false,
              "fail": false,
              "pending": false,
              "context": null,
              "code": "console.log(\"=====after printing\");",
              "err": {},
              "uuid": "325d61ba-93c7-41a4-9415-4aadbf7e176a",
              "parentUUID": "d22e55aa-5fd3-41a4-b603-99acf907bc88",
              "isHook": true,
              "skipped": false
            },
            {
              "title": "\"after each\" hook in \"Hooks test cases\"",
              "fullTitle": "Hooks test cases \"after each\" hook in \"Hooks test cases\"",
              "timedOut": false,
              "duration": 0,
              "state": null,
              "speed": null,
              "pass": false,
              "fail": false,
              "pending": false,
              "context": null,
              "code": "console.log(\"===after eacj loop will work\");",
              "err": {},
              "uuid": "f50a0266-ba62-4924-b3ce-cc2c7b45b96a",
              "parentUUID": "d22e55aa-5fd3-41a4-b603-99acf907bc88",
              "isHook": true,
              "skipped": false
            }
          ],
          "tests": [
            {
              "title": "check string",
              "fullTitle": "Hooks test cases check string",
              "timedOut": false,
              "duration": 1,
              "state": "passed",
              "speed": "fast",
              "pass": true,
              "fail": false,
              "pending": false,
              "context": null,
              "code": "expect(data).to.be.a('string')",
              "err": {},
              "uuid": "ce2364a5-0010-4917-b59c-2eeccef996ec",
              "parentUUID": "d22e55aa-5fd3-41a4-b603-99acf907bc88",
              "isHook": false,
              "skipped": false
            },
            {
              "title": "check only string",
              "fullTitle": "Hooks test cases check only string",
              "timedOut": false,
              "duration": 0,
              "state": "passed",
              "speed": "fast",
              "pass": true,
              "fail": false,
              "pending": false,
              "context": null,
              "code": "expect(data).to.be.equal('code')",
              "err": {},
              "uuid": "0945b96b-c33e-40fc-b2dd-2c11b4cad4b6",
              "parentUUID": "d22e55aa-5fd3-41a4-b603-99acf907bc88",
              "isHook": false,
              "skipped": false
            }
          ],
          "suites": [],
          "passes": [
            "ce2364a5-0010-4917-b59c-2eeccef996ec",
            "0945b96b-c33e-40fc-b2dd-2c11b4cad4b6"
          ],
          "failures": [],
          "pending": [],
          "skipped": [],
          "duration": 1,
          "root": false,
          "rootEmpty": false,
          "_timeout": 2000
        },
        {
          "uuid": "fbec8fed-15d7-44fe-b96e-a02be0c7f001",
          "title": "Without using Hooks",
          "fullFile": "C:\\Users\\91727\\Videos\\games\\test\\mocha-chai-test\\test-cases\\hook.spec.js",
          "file": "\\test-cases\\hook.spec.js",
          "beforeHooks": [],
          "afterHooks": [],
          "tests": [
            {
              "title": "check string",
              "fullTitle": "Without using Hooks check string",
              "timedOut": false,
              "duration": 0,
              "state": "passed",
              "speed": "fast",
              "pass": true,
              "fail": false,
              "pending": false,
              "context": null,
              "code": "expect(data).to.be.a('string')",
              "err": {},
              "uuid": "729ea43a-a018-43af-bc11-0965d31d44c4",
              "parentUUID": "fbec8fed-15d7-44fe-b96e-a02be0c7f001",
              "isHook": false,
              "skipped": false
            },
            {
              "title": "check string",
              "fullTitle": "Without using Hooks check string",
              "timedOut": false,
              "duration": 1,
              "state": "passed",
              "speed": "fast",
              "pass": true,
              "fail": false,
              "pending": false,
              "context": null,
              "code": "expect(data).to.be.equal('code')",
              "err": {},
              "uuid": "3b1ba915-7537-425e-b149-875e3fd43d4c",
              "parentUUID": "fbec8fed-15d7-44fe-b96e-a02be0c7f001",
              "isHook": false,
              "skipped": false
            }
          ],
          "suites": [],
          "passes": [
            "729ea43a-a018-43af-bc11-0965d31d44c4",
            "3b1ba915-7537-425e-b149-875e3fd43d4c"
          ],
          "failures": [],
          "pending": [],
          "skipped": [],
          "duration": 1,
          "root": false,
          "rootEmpty": false,
          "_timeout": 2000
        },
        {
          "uuid": "7b5d3e5a-271e-42a3-ab45-9aa687cf80e6",
          "title": "------MOCK-------",
          "fullFile": "C:\\Users\\91727\\Videos\\games\\test\\mocha-chai-test\\test-cases\\mock.spec.js",
          "file": "\\test-cases\\mock.spec.js",
          "beforeHooks": [],
          "afterHooks": [],
          "tests": [
            {
              "title": "Function argument check",
              "fullTitle": "------MOCK------- Function argument check",
              "timedOut": false,
              "duration": 3,
              "state": "passed",
              "speed": "fast",
              "pass": true,
              "fail": false,
              "pending": false,
              "context": null,
              "code": "var mock=sinon.mock(studentObj);\nvar expt=mock.expects('getExternal');\nexpt.exactly(1);\nexpt.withArgs(40);  //argument should be same\nstudentObj.finalMarks(40);\nmock.verify()",
              "err": {},
              "uuid": "3fefbf34-70c0-4368-b311-0ff4583f24df",
              "parentUUID": "7b5d3e5a-271e-42a3-ab45-9aa687cf80e6",
              "isHook": false,
              "skipped": false
            }
          ],
          "suites": [],
          "passes": [
            "3fefbf34-70c0-4368-b311-0ff4583f24df"
          ],
          "failures": [],
          "pending": [],
          "skipped": [],
          "duration": 3,
          "root": false,
          "rootEmpty": false,
          "_timeout": 2000
        },
        {
          "uuid": "8d0cd35d-9897-4174-91ac-d6e07919d48c",
          "title": "Nock test suit",
          "fullFile": "C:\\Users\\91727\\Videos\\games\\test\\mocha-chai-test\\test-cases\\nock.spec.js",
          "file": "\\test-cases\\nock.spec.js",
          "beforeHooks": [],
          "afterHooks": [],
          "tests": [
            {
              "title": "api test",
              "fullTitle": "Nock test suit api test",
              "timedOut": false,
              "duration": 5,
              "state": "passed",
              "speed": "fast",
              "pass": true,
              "fail": false,
              "pending": false,
              "context": null,
              "code": "var obj={status:'success',message:\"Successfully! All records has been fetched.\"}\n const apihit=nock('https://dummy.restapiexample.com/api/v1/')\n .get('/employees')\n .reply(200,obj);\n studentCtrl.thirdpartyApi()\n .then(function(result){\n     expect(result).to.be.eql(obj)\n }).catch((err) => {\n     done(new Error('error'+ err))\n });\n done()",
              "err": {},
              "uuid": "975ca005-c2f5-4f26-8787-1cb8df6181c7",
              "parentUUID": "8d0cd35d-9897-4174-91ac-d6e07919d48c",
              "isHook": false,
              "skipped": false
            }
          ],
          "suites": [],
          "passes": [
            "975ca005-c2f5-4f26-8787-1cb8df6181c7"
          ],
          "failures": [],
          "pending": [],
          "skipped": [],
          "duration": 5,
          "root": false,
          "rootEmpty": false,
          "_timeout": 2000
        },
        {
          "uuid": "5a7e6ff4-2d1f-489d-83ce-58ca45ffba77",
          "title": "------Promises-------",
          "fullFile": "C:\\Users\\91727\\Videos\\games\\test\\mocha-chai-test\\test-cases\\promise.spec.js",
          "file": "\\test-cases\\promise.spec.js",
          "beforeHooks": [],
          "afterHooks": [],
          "tests": [
            {
              "title": "Normal value function",
              "fullTitle": "------Promises------- Normal value function",
              "timedOut": false,
              "duration": 1007,
              "state": "passed",
              "speed": "slow",
              "pass": true,
              "fail": false,
              "pending": false,
              "context": null,
              "code": "// expect(studentObj.getExternal(40)).to.be.equal(41)\n// always given you +1 result\n \n       // this.timeout(2000);\n       this.timeout(0);\nstudentObj.tableDataDb().then(function(result){\n     expect(result).to.be.equal(10);\n    done();\n});",
              "err": {},
              "uuid": "f019d944-221d-43b9-89cc-42f53b64c224",
              "parentUUID": "5a7e6ff4-2d1f-489d-83ce-58ca45ffba77",
              "isHook": false,
              "skipped": false
            },
            {
              "title": "check value function using as chai-as-promised",
              "fullTitle": "------Promises------- check value function using as chai-as-promised",
              "timedOut": false,
              "duration": 1003,
              "state": "passed",
              "speed": "slow",
              "pass": true,
              "fail": false,
              "pending": false,
              "context": null,
              "code": "//this.timeout(2000);\nthis.timeout(0)\nreturn expect(studentObj.tableDataDb()).to.eventually.equal(10);",
              "err": {},
              "uuid": "4364a597-79d8-47bb-9595-f6c52b407589",
              "parentUUID": "5a7e6ff4-2d1f-489d-83ce-58ca45ffba77",
              "isHook": false,
              "skipped": false
            },
            {
              "title": "Otp",
              "fullTitle": "------Promises------- Otp",
              "timedOut": false,
              "duration": 1,
              "state": "passed",
              "speed": "fast",
              "pass": true,
              "fail": false,
              "pending": false,
              "context": null,
              "code": "this.timeout(0)\n return expect(userctrl.newData()).to.eventually.have.deep.property('otp')",
              "err": {},
              "uuid": "dd5926ee-2b0f-4ad4-81cd-64c6ea0a6501",
              "parentUUID": "5a7e6ff4-2d1f-489d-83ce-58ca45ffba77",
              "isHook": false,
              "skipped": false
            }
          ],
          "suites": [],
          "passes": [
            "f019d944-221d-43b9-89cc-42f53b64c224",
            "4364a597-79d8-47bb-9595-f6c52b407589",
            "dd5926ee-2b0f-4ad4-81cd-64c6ea0a6501"
          ],
          "failures": [],
          "pending": [],
          "skipped": [],
          "duration": 2011,
          "root": false,
          "rootEmpty": false,
          "_timeout": 2000
        },
        {
          "uuid": "4f024a96-c51c-454d-9fe2-ef34ad38aa65",
          "title": "------SPY-------",
          "fullFile": "C:\\Users\\91727\\Videos\\games\\test\\mocha-chai-test\\test-cases\\spy.spec.js",
          "file": "\\test-cases\\spy.spec.js",
          "beforeHooks": [],
          "afterHooks": [],
          "tests": [
            {
              "title": "test user function",
              "fullTitle": "------SPY------- test user function",
              "timedOut": false,
              "duration": 0,
              "state": "passed",
              "speed": "fast",
              "pass": true,
              "fail": false,
              "pending": false,
              "context": null,
              "code": "expect(studentObj.userId()).to.be.equal(12);",
              "err": {},
              "uuid": "29da0e10-0c7a-4413-8f17-85648c90da31",
              "parentUUID": "4f024a96-c51c-454d-9fe2-ef34ad38aa65",
              "isHook": false,
              "skipped": false
            },
            {
              "title": " function count",
              "fullTitle": "------SPY-------  function count",
              "timedOut": false,
              "duration": 3,
              "state": "passed",
              "speed": "fast",
              "pass": true,
              "fail": false,
              "pending": false,
              "context": null,
              "code": "var spyobj=sinon.spy(studentObj,'getInfo')\nstudentObj.home(12);\nexpect(spyobj.calledOnce).to.be.true;",
              "err": {},
              "uuid": "b74d512e-054d-4589-a9c1-2d430648226a",
              "parentUUID": "4f024a96-c51c-454d-9fe2-ef34ad38aa65",
              "isHook": false,
              "skipped": false
            }
          ],
          "suites": [],
          "passes": [
            "29da0e10-0c7a-4413-8f17-85648c90da31",
            "b74d512e-054d-4589-a9c1-2d430648226a"
          ],
          "failures": [],
          "pending": [],
          "skipped": [],
          "duration": 3,
          "root": false,
          "rootEmpty": false,
          "_timeout": 2000
        },
        {
          "uuid": "a0e67de8-2c93-4b4c-85d1-d39640c7c74b",
          "title": "------STUB-------",
          "fullFile": "C:\\Users\\91727\\Videos\\games\\test\\mocha-chai-test\\test-cases\\stub.spec.js",
          "file": "\\test-cases\\stub.spec.js",
          "beforeHooks": [],
          "afterHooks": [],
          "tests": [
            {
              "title": "Function argument check",
              "fullTitle": "------STUB------- Function argument check",
              "timedOut": false,
              "duration": 6,
              "state": "passed",
              "speed": "fast",
              "pass": true,
              "fail": false,
              "pending": false,
              "context": null,
              "code": "var stub= sinon.stub(studentObj,'getExternal')\nstub.withArgs(40).returns(5);\nexpect(studentObj.finalMarks(40)).to.be.equal(54);",
              "err": {},
              "uuid": "47be224c-dfbf-405c-a511-daada100d387",
              "parentUUID": "a0e67de8-2c93-4b4c-85d1-d39640c7c74b",
              "isHook": false,
              "skipped": false
            }
          ],
          "suites": [],
          "passes": [
            "47be224c-dfbf-405c-a511-daada100d387"
          ],
          "failures": [],
          "pending": [],
          "skipped": [],
          "duration": 6,
          "root": false,
          "rootEmpty": false,
          "_timeout": 2000
        }
      ],
      "passes": [],
      "failures": [],
      "pending": [],
      "skipped": [],
      "duration": 0,
      "root": true,
      "rootEmpty": true,
      "_timeout": 2000
    }
  ],
  "meta": {
    "mocha": {
      "version": "9.1.1"
    },
    "mochawesome": {
      "options": {
        "quiet": false,
        "reportFilename": "mochawesome",
        "saveHtml": true,
        "saveJson": true,
        "consoleReporter": "spec",
        "useInlineDiffs": false,
        "code": true
      },
      "version": "6.2.2"
    },
    "marge": {
      "options": null,
      "version": "5.2.0"
    }
  }
}